INFO:sim:172 - Generating IP...
Applying current project options...
Finished applying current project options.
WARNING:sim - A core named 'RAM_32kx32' already exists in the project. Output
   products for this core may be overwritten.
Resolving generics for 'RAM_32kx32'...
WARNING:sim - A core named 'RAM_32kx32' already exists in the project. Output
   products for this core may be overwritten.
Applying external generics to 'RAM_32kx32'...
Delivering associated files for 'RAM_32kx32'...
Delivering EJava files for 'RAM_32kx32'...
Generating implementation netlist for 'RAM_32kx32'...
INFO:sim - Pre-processing HDL files for 'RAM_32kx32'...
Running synthesis for 'RAM_32kx32'
Running ngcbuild...
Writing VEO instantiation template for 'RAM_32kx32'...
Writing Verilog behavioral simulation model for 'RAM_32kx32'...
WARNING:sim - Overwriting existing file
   E:/Spartan6/MiniComputer/ipcore_dir/tmp/_cg/RAM_32kx32/doc/blk_mem_gen_v7_3_v
   info.html with file from view xilinx_documentation
Delivered 1 file into directory
E:/Spartan6/MiniComputer/ipcore_dir/tmp/_cg/RAM_32kx32
Generating ASY schematic symbol...
INFO:sim:949 - Finished generation of ASY schematic symbol.
Generating SYM schematic symbol for 'RAM_32kx32'...
Generating metadata file...
Regenerating ISE project file for 'RAM_32kx32'...
Generating ISE project...
XCO file found: RAM_32kx32.xco
XMDF file found: RAM_32kx32_xmdf.tcl
Adding E:/Spartan6/MiniComputer/ipcore_dir/tmp/_cg/RAM_32kx32.asy -view all
-origin_type imported
Adding E:/Spartan6/MiniComputer/ipcore_dir/tmp/_cg/RAM_32kx32.ngc -view all
-origin_type created
Checking file "E:/Spartan6/MiniComputer/ipcore_dir/tmp/_cg/RAM_32kx32.ngc" for
project device match ...
File "E:/Spartan6/MiniComputer/ipcore_dir/tmp/_cg/RAM_32kx32.ngc" device
information matches project device.
Adding E:/Spartan6/MiniComputer/ipcore_dir/tmp/_cg/RAM_32kx32.sym -view all
-origin_type imported
Adding E:/Spartan6/MiniComputer/ipcore_dir/tmp/_cg/RAM_32kx32.v -view all
-origin_type created
INFO:HDLCompiler:1845 - Analyzing Verilog file
   "E:/Spartan6/MiniComputer/ipcore_dir/tmp/_cg/RAM_32kx32.v" into library work
INFO:ProjectMgmt - Parsing design hierarchy completed successfully.
Adding E:/Spartan6/MiniComputer/ipcore_dir/tmp/_cg/RAM_32kx32.veo -view all
-origin_type imported
INFO:TclTasksC:2116 - The automatic calculation of top has been turned-off.
   Please set the new top explicitly by running the "project set top" command.
   To re-calculate the new top automatically, set the "Auto Implementation Top"
   property to true.
Top level has been set to "/RAM_32kx32"
Generating README file...
Generating FLIST file...
INFO:sim:948 - Finished FLIST file generation.
Launching README viewer...
Moving files to output directory...
Finished moving files to output directory
Wrote CGP file for project 'RAM_32kx32'.
